# JRE version: Java(TM) SE Runtime Environment (8.0_05-b13) (build 1.8.0_05-b13)
# Java VM: Java HotSpot(TM) 64-Bit Server VM (25.5-b02 mixed mode linux-amd64 compressed oops)
Heap:
 PSYoungGen      total 11264K, used 9146K [0x00000000e1c00000, 0x00000000e2800000, 0x0000000100000000)
  eden space 10240K, 89% used [0x00000000e1c00000,0x00000000e24ee890,0x00000000e2600000)
  from space 1024K, 0% used [0x00000000e2600000,0x00000000e2600000,0x00000000e2700000)
  to   space 1024K, 0% used [0x00000000e2700000,0x00000000e2700000,0x00000000e2800000)
 ParOldGen       total 92672K, used 3676K [0x00000000a5400000, 0x00000000aae80000, 0x00000000e1c00000)
  object space 92672K, 3% used [0x00000000a5400000,0x00000000a57972f8,0x00000000aae80000)
 Metaspace       used 7937K, capacity 8064K, committed 8192K, reserved 1056768K
  class space    used 910K, capacity 963K, committed 1024K, reserved 1048576K
GC Heap History (10 events):
Event: 20597.092 GC heap before
{Heap before GC invocations=43 (full 0):
 PSYoungGen      total 11776K, used 10240K [0x00000000e1c00000, 0x00000000e2900000, 0x0000000100000000)
  eden space 10240K, 100% used [0x00000000e1c00000,0x00000000e2600000,0x00000000e2600000)
  from space 1536K, 0% used [0x00000000e2780000,0x00000000e2780000,0x00000000e2900000)
  to   space 1536K, 0% used [0x00000000e2600000,0x00000000e2600000,0x00000000e2780000)
 ParOldGen       total 92672K, used 3652K [0x00000000a5400000, 0x00000000aae80000, 0x00000000e1c00000)
  object space 92672K, 3% used [0x00000000a5400000,0x00000000a57912f8,0x00000000aae80000)
 Metaspace       used 7937K, capacity 8064K, committed 8192K, reserved 1056768K
  class space    used 910K, capacity 963K, committed 1024K, reserved 1048576K
Event: 20597.093 GC heap after
Heap after GC invocations=43 (full 0):
 PSYoungGen      total 11776K, used 0K [0x00000000e1c00000, 0x00000000e2900000, 0x0000000100000000)
  eden space 10240K, 0% used [0x00000000e1c00000,0x00000000e1c00000,0x00000000e2600000)
  from space 1536K, 0% used [0x00000000e2600000,0x00000000e2600000,0x00000000e2780000)
  to   space 1536K, 0% used [0x00000000e2780000,0x00000000e2780000,0x00000000e2900000)
 ParOldGen       total 92672K, used 3652K [0x00000000a5400000, 0x00000000aae80000, 0x00000000e1c00000)
  object space 92672K, 3% used [0x00000000a5400000,0x00000000a57912f8,0x00000000aae80000)
 Metaspace       used 7937K, capacity 8064K, committed 8192K, reserved 1056768K
  class space    used 910K, capacity 963K, committed 1024K, reserved 1048576K
}
Event: 20770.416 GC heap before
{Heap before GC invocations=44 (full 0):
 PSYoungGen      total 11776K, used 10240K [0x00000000e1c00000, 0x00000000e2900000, 0x0000000100000000)
  eden space 10240K, 100% used [0x00000000e1c00000,0x00000000e2600000,0x00000000e2600000)
  from space 1536K, 0% used [0x00000000e2600000,0x00000000e2600000,0x00000000e2780000)
  to   space 1536K, 0% used [0x00000000e2780000,0x00000000e2780000,0x00000000e2900000)
 ParOldGen       total 92672K, used 3652K [0x00000000a5400000, 0x00000000aae80000, 0x00000000e1c00000)
  object space 92672K, 3% used [0x00000000a5400000,0x00000000a57912f8,0x00000000aae80000)
 Metaspace       used 7937K, capacity 8064K, committed 8192K, reserved 1056768K
  class space    used 910K, capacity 963K, committed 1024K, reserved 1048576K
Event: 20770.418 GC heap after
Heap after GC invocations=44 (full 0):
 PSYoungGen      total 11776K, used 96K [0x00000000e1c00000, 0x00000000e2900000, 0x0000000100000000)
  eden space 10240K, 0% used [0x00000000e1c00000,0x00000000e1c00000,0x00000000e2600000)
  from space 1536K, 6% used [0x00000000e2780000,0x00000000e2798000,0x00000000e2900000)
  to   space 1536K, 0% used [0x00000000e2600000,0x00000000e2600000,0x00000000e2780000)
 ParOldGen       total 92672K, used 3652K [0x00000000a5400000, 0x00000000aae80000, 0x00000000e1c00000)
  object space 92672K, 3% used [0x00000000a5400000,0x00000000a57912f8,0x00000000aae80000)
 Metaspace       used 7937K, capacity 8064K, committed 8192K, reserved 1056768K
  class space    used 910K, capacity 963K, committed 1024K, reserved 1048576K
}
Event: 20972.249 GC heap before
{Heap before GC invocations=45 (full 0):
 PSYoungGen      total 11776K, used 10336K [0x00000000e1c00000, 0x00000000e2900000, 0x0000000100000000)
  eden space 10240K, 100% used [0x00000000e1c00000,0x00000000e2600000,0x00000000e2600000)
  from space 1536K, 6% used [0x00000000e2780000,0x00000000e2798000,0x00000000e2900000)
  to   space 1536K, 0% used [0x00000000e2600000,0x00000000e2600000,0x00000000e2780000)
 ParOldGen       total 92672K, used 3652K [0x00000000a5400000, 0x00000000aae80000, 0x00000000e1c00000)
  object space 92672K, 3% used [0x00000000a5400000,0x00000000a57912f8,0x00000000aae80000)
 Metaspace       used 7937K, capacity 8064K, committed 8192K, reserved 1056768K
  class space    used 910K, capacity 963K, committed 1024K, reserved 1048576K
Event: 20972.251 GC heap after
Heap after GC invocations=45 (full 0):
 PSYoungGen      total 10752K, used 0K [0x00000000e1c00000, 0x00000000e2800000, 0x0000000100000000)
  eden space 10240K, 0% used [0x00000000e1c00000,0x00000000e1c00000,0x00000000e2600000)
  from space 512K, 0% used [0x00000000e2600000,0x00000000e2600000,0x00000000e2680000)
  to   space 1024K, 0% used [0x00000000e2700000,0x00000000e2700000,0x00000000e2800000)
 ParOldGen       total 92672K, used 3676K [0x00000000a5400000, 0x00000000aae80000, 0x00000000e1c00000)
  object space 92672K, 3% used [0x00000000a5400000,0x00000000a57972f8,0x00000000aae80000)
 Metaspace       used 7937K, capacity 8064K, committed 8192K, reserved 1056768K
  class space    used 910K, capacity 963K, committed 1024K, reserved 1048576K
}
Event: 21136.669 GC heap before
{Heap before GC invocations=46 (full 0):
 PSYoungGen      total 10752K, used 10240K [0x00000000e1c00000, 0x00000000e2800000, 0x0000000100000000)
  eden space 10240K, 100% used [0x00000000e1c00000,0x00000000e2600000,0x00000000e2600000)
  from space 512K, 0% used [0x00000000e2600000,0x00000000e2600000,0x00000000e2680000)
  to   space 1024K, 0% used [0x00000000e2700000,0x00000000e2700000,0x00000000e2800000)
 ParOldGen       total 92672K, used 3676K [0x00000000a5400000, 0x00000000aae80000, 0x00000000e1c00000)
  object space 92672K, 3% used [0x00000000a5400000,0x00000000a57972f8,0x00000000aae80000)
 Metaspace       used 7937K, capacity 8064K, committed 8192K, reserved 1056768K
  class space    used 910K, capacity 963K, committed 1024K, reserved 1048576K
Event: 21136.670 GC heap after
Heap after GC invocations=46 (full 0):
 PSYoungGen      total 11264K, used 0K [0x00000000e1c00000, 0x00000000e2800000, 0x0000000100000000)
  eden space 10240K, 0% used [0x00000000e1c00000,0x00000000e1c00000,0x00000000e2600000)
  from space 1024K, 0% used [0x00000000e2700000,0x00000000e2700000,0x00000000e2800000)
  to   space 1024K, 0% used [0x00000000e2600000,0x00000000e2600000,0x00000000e2700000)
 ParOldGen       total 92672K, used 3676K [0x00000000a5400000, 0x00000000aae80000, 0x00000000e1c00000)
  object space 92672K, 3% used [0x00000000a5400000,0x00000000a57972f8,0x00000000aae80000)
 Metaspace       used 7937K, capacity 8064K, committed 8192K, reserved 1056768K
  class space    used 910K, capacity 963K, committed 1024K, reserved 1048576K
}
Event: 21796.078 GC heap before
{Heap before GC invocations=47 (full 0):
 PSYoungGen      total 11264K, used 10240K [0x00000000e1c00000, 0x00000000e2800000, 0x0000000100000000)
  eden space 10240K, 100% used [0x00000000e1c00000,0x00000000e2600000,0x00000000e2600000)
  from space 1024K, 0% used [0x00000000e2700000,0x00000000e2700000,0x00000000e2800000)
  to   space 1024K, 0% used [0x00000000e2600000,0x00000000e2600000,0x00000000e2700000)
 ParOldGen       total 92672K, used 3676K [0x00000000a5400000, 0x00000000aae80000, 0x00000000e1c00000)
  object space 92672K, 3% used [0x00000000a5400000,0x00000000a57972f8,0x00000000aae80000)
 Metaspace       used 7937K, capacity 8064K, committed 8192K, reserved 1056768K
  class space    used 910K, capacity 963K, committed 1024K, reserved 1048576K
Event: 21796.079 GC heap after
Heap after GC invocations=47 (full 0):
 PSYoungGen      total 11264K, used 0K [0x00000000e1c00000, 0x00000000e2800000, 0x0000000100000000)
  eden space 10240K, 0% used [0x00000000e1c00000,0x00000000e1c00000,0x00000000e2600000)
  from space 1024K, 0% used [0x00000000e2600000,0x00000000e2600000,0x00000000e2700000)
  to   space 1024K, 0% used [0x00000000e2700000,0x00000000e2700000,0x00000000e2800000)
 ParOldGen       total 92672K, used 3676K [0x00000000a5400000, 0x00000000aae80000, 0x00000000e1c00000)
  object space 92672K, 3% used [0x00000000a5400000,0x00000000a57972f8,0x00000000aae80000)
 Metaspace       used 7937K, capacity 8064K, committed 8192K, reserved 1056768K
  class space    used 910K, capacity 963K, committed 1024K, reserved 1048576K
}

