# JRE version: Java(TM) SE Runtime Environment (8.0_05-b13) (build 1.8.0_05-b13)
# Java VM: Java HotSpot(TM) 64-Bit Server VM (25.5-b02 mixed mode linux-amd64 compressed oops)
Heap:
 PSYoungGen      total 11776K, used 3802K [0x00000000e1c00000, 0x00000000e2900000, 0x0000000100000000)
  eden space 10240K, 35% used [0x00000000e1c00000,0x00000000e1f8e9c0,0x00000000e2600000)
  from space 1536K, 10% used [0x00000000e2780000,0x00000000e27a8000,0x00000000e2900000)
  to   space 1536K, 0% used [0x00000000e2600000,0x00000000e2600000,0x00000000e2780000)
 ParOldGen       total 92672K, used 1948K [0x00000000a5400000, 0x00000000aae80000, 0x00000000e1c00000)
  object space 92672K, 2% used [0x00000000a5400000,0x00000000a55e70e8,0x00000000aae80000)
 Metaspace       used 7801K, capacity 7924K, committed 8192K, reserved 1056768K
  class space    used 904K, capacity 953K, committed 1024K, reserved 1048576K
GC Heap History (10 events):
Event: 2.704 GC heap before
{Heap before GC invocations=10 (full 0):
 PSYoungGen      total 5120K, used 5006K [0x00000000e1c00000, 0x00000000e2480000, 0x0000000100000000)
  eden space 4096K, 100% used [0x00000000e1c00000,0x00000000e2000000,0x00000000e2000000)
  from space 1024K, 88% used [0x00000000e2000000,0x00000000e20e3828,0x00000000e2100000)
  to   space 1024K, 0% used [0x00000000e2380000,0x00000000e2380000,0x00000000e2480000)
 ParOldGen       total 92672K, used 967K [0x00000000a5400000, 0x00000000aae80000, 0x00000000e1c00000)
  object space 92672K, 1% used [0x00000000a5400000,0x00000000a54f1ec0,0x00000000aae80000)
 Metaspace       used 6429K, capacity 6570K, committed 6784K, reserved 1056768K
  class space    used 735K, capacity 786K, committed 896K, reserved 1048576K
Event: 2.709 GC heap after
Heap after GC invocations=10 (full 0):
 PSYoungGen      total 7680K, used 805K [0x00000000e1c00000, 0x00000000e2480000, 0x0000000100000000)
  eden space 6656K, 0% used [0x00000000e1c00000,0x00000000e1c00000,0x00000000e2280000)
  from space 1024K, 78% used [0x00000000e2380000,0x00000000e2449568,0x00000000e2480000)
  to   space 1024K, 0% used [0x00000000e2280000,0x00000000e2280000,0x00000000e2380000)
 ParOldGen       total 92672K, used 1062K [0x00000000a5400000, 0x00000000aae80000, 0x00000000e1c00000)
  object space 92672K, 1% used [0x00000000a5400000,0x00000000a55098d0,0x00000000aae80000)
 Metaspace       used 6429K, capacity 6570K, committed 6784K, reserved 1056768K
  class space    used 735K, capacity 786K, committed 896K, reserved 1048576K
}
Event: 4.042 GC heap before
{Heap before GC invocations=11 (full 0):
 PSYoungGen      total 7680K, used 7461K [0x00000000e1c00000, 0x00000000e2480000, 0x0000000100000000)
  eden space 6656K, 100% used [0x00000000e1c00000,0x00000000e2280000,0x00000000e2280000)
  from space 1024K, 78% used [0x00000000e2380000,0x00000000e2449568,0x00000000e2480000)
  to   space 1024K, 0% used [0x00000000e2280000,0x00000000e2280000,0x00000000e2380000)
 ParOldGen       total 92672K, used 1062K [0x00000000a5400000, 0x00000000aae80000, 0x00000000e1c00000)
  object space 92672K, 1% used [0x00000000a5400000,0x00000000a55098d0,0x00000000aae80000)
 Metaspace       used 7413K, capacity 7530K, committed 7680K, reserved 1056768K
  class space    used 862K, capacity 914K, committed 1024K, reserved 1048576K
Event: 4.047 GC heap after
Heap after GC invocations=11 (full 0):
 PSYoungGen      total 7680K, used 855K [0x00000000e1c00000, 0x00000000e2880000, 0x0000000100000000)
  eden space 6656K, 0% used [0x00000000e1c00000,0x00000000e1c00000,0x00000000e2280000)
  from space 1024K, 83% used [0x00000000e2280000,0x00000000e2355cc0,0x00000000e2380000)
  to   space 1024K, 0% used [0x00000000e2780000,0x00000000e2780000,0x00000000e2880000)
 ParOldGen       total 92672K, used 1354K [0x00000000a5400000, 0x00000000aae80000, 0x00000000e1c00000)
  object space 92672K, 1% used [0x00000000a5400000,0x00000000a55528e0,0x00000000aae80000)
 Metaspace       used 7413K, capacity 7530K, committed 7680K, reserved 1056768K
  class space    used 862K, capacity 914K, committed 1024K, reserved 1048576K
}
Event: 248.915 GC heap before
{Heap before GC invocations=12 (full 0):
 PSYoungGen      total 7680K, used 7511K [0x00000000e1c00000, 0x00000000e2880000, 0x0000000100000000)
  eden space 6656K, 100% used [0x00000000e1c00000,0x00000000e2280000,0x00000000e2280000)
  from space 1024K, 83% used [0x00000000e2280000,0x00000000e2355cc0,0x00000000e2380000)
  to   space 1024K, 0% used [0x00000000e2780000,0x00000000e2780000,0x00000000e2880000)
 ParOldGen       total 92672K, used 1354K [0x00000000a5400000, 0x00000000aae80000, 0x00000000e1c00000)
  object space 92672K, 1% used [0x00000000a5400000,0x00000000a55528e0,0x00000000aae80000)
 Metaspace       used 7773K, capacity 7924K, committed 8192K, reserved 1056768K
  class space    used 903K, capacity 953K, committed 1024K, reserved 1048576K
Event: 248.920 GC heap after
Heap after GC invocations=12 (full 0):
 PSYoungGen      total 11776K, used 440K [0x00000000e1c00000, 0x00000000e2880000, 0x0000000100000000)
  eden space 10752K, 0% used [0x00000000e1c00000,0x00000000e1c00000,0x00000000e2680000)
  from space 1024K, 43% used [0x00000000e2780000,0x00000000e27ee150,0x00000000e2880000)
  to   space 1024K, 0% used [0x00000000e2680000,0x00000000e2680000,0x00000000e2780000)
 ParOldGen       total 92672K, used 1649K [0x00000000a5400000, 0x00000000aae80000, 0x00000000e1c00000)
  object space 92672K, 1% used [0x00000000a5400000,0x00000000a559c780,0x00000000aae80000)
 Metaspace       used 7773K, capacity 7924K, committed 8192K, reserved 1056768K
  class space    used 903K, capacity 953K, committed 1024K, reserved 1048576K
}
Event: 1810.538 GC heap before
{Heap before GC invocations=13 (full 0):
 PSYoungGen      total 11776K, used 11192K [0x00000000e1c00000, 0x00000000e2880000, 0x0000000100000000)
  eden space 10752K, 100% used [0x00000000e1c00000,0x00000000e2680000,0x00000000e2680000)
  from space 1024K, 43% used [0x00000000e2780000,0x00000000e27ee150,0x00000000e2880000)
  to   space 1024K, 0% used [0x00000000e2680000,0x00000000e2680000,0x00000000e2780000)
 ParOldGen       total 92672K, used 1649K [0x00000000a5400000, 0x00000000aae80000, 0x00000000e1c00000)
  object space 92672K, 1% used [0x00000000a5400000,0x00000000a559c780,0x00000000aae80000)
 Metaspace       used 7776K, capacity 7924K, committed 8192K, reserved 1056768K
  class space    used 903K, capacity 953K, committed 1024K, reserved 1048576K
Event: 1810.541 GC heap after
Heap after GC invocations=13 (full 0):
 PSYoungGen      total 11264K, used 0K [0x00000000e1c00000, 0x00000000e2900000, 0x0000000100000000)
  eden space 10240K, 0% used [0x00000000e1c00000,0x00000000e1c00000,0x00000000e2600000)
  from space 1024K, 0% used [0x00000000e2680000,0x00000000e2680000,0x00000000e2780000)
  to   space 1536K, 0% used [0x00000000e2780000,0x00000000e2780000,0x00000000e2900000)
 ParOldGen       total 92672K, used 1940K [0x00000000a5400000, 0x00000000aae80000, 0x00000000e1c00000)
  object space 92672K, 2% used [0x00000000a5400000,0x00000000a55e50e8,0x00000000aae80000)
 Metaspace       used 7776K, capacity 7924K, committed 8192K, reserved 1056768K
  class space    used 903K, capacity 953K, committed 1024K, reserved 1048576K
}
Event: 5625.758 GC heap before
{Heap before GC invocations=14 (full 0):
 PSYoungGen      total 11264K, used 10240K [0x00000000e1c00000, 0x00000000e2900000, 0x0000000100000000)
  eden space 10240K, 100% used [0x00000000e1c00000,0x00000000e2600000,0x00000000e2600000)
  from space 1024K, 0% used [0x00000000e2680000,0x00000000e2680000,0x00000000e2780000)
  to   space 1536K, 0% used [0x00000000e2780000,0x00000000e2780000,0x00000000e2900000)
 ParOldGen       total 92672K, used 1940K [0x00000000a5400000, 0x00000000aae80000, 0x00000000e1c00000)
  object space 92672K, 2% used [0x00000000a5400000,0x00000000a55e50e8,0x00000000aae80000)
 Metaspace       used 7798K, capacity 7924K, committed 8192K, reserved 1056768K
  class space    used 904K, capacity 953K, committed 1024K, reserved 1048576K
Event: 5625.786 GC heap after
Heap after GC invocations=14 (full 0):
 PSYoungGen      total 11776K, used 160K [0x00000000e1c00000, 0x00000000e2900000, 0x0000000100000000)
  eden space 10240K, 0% used [0x00000000e1c00000,0x00000000e1c00000,0x00000000e2600000)
  from space 1536K, 10% used [0x00000000e2780000,0x00000000e27a8000,0x00000000e2900000)
  to   space 1536K, 0% used [0x00000000e2600000,0x00000000e2600000,0x00000000e2780000)
 ParOldGen       total 92672K, used 1948K [0x00000000a5400000, 0x00000000aae80000, 0x00000000e1c00000)
  object space 92672K, 2% used [0x00000000a5400000,0x00000000a55e70e8,0x00000000aae80000)
 Metaspace       used 7798K, capacity 7924K, committed 8192K, reserved 1056768K
  class space    used 904K, capacity 953K, committed 1024K, reserved 1048576K
}

