# JRE version: Java(TM) SE Runtime Environment (8.0_05-b13) (build 1.8.0_05-b13)
# Java VM: Java HotSpot(TM) 64-Bit Server VM (25.5-b02 mixed mode linux-amd64 compressed oops)
Heap:
 PSYoungGen      total 10752K, used 9314K [0x00000000e1c00000, 0x00000000e2780000, 0x0000000100000000)
  eden space 10240K, 90% used [0x00000000e1c00000,0x00000000e2508ba0,0x00000000e2600000)
  from space 512K, 12% used [0x00000000e2700000,0x00000000e2710000,0x00000000e2780000)
  to   space 512K, 0% used [0x00000000e2680000,0x00000000e2680000,0x00000000e2700000)
 ParOldGen       total 92672K, used 2658K [0x00000000a5400000, 0x00000000aae80000, 0x00000000e1c00000)
  object space 92672K, 2% used [0x00000000a5400000,0x00000000a5698a38,0x00000000aae80000)
 Metaspace       used 7884K, capacity 8028K, committed 8192K, reserved 1056768K
  class space    used 909K, capacity 957K, committed 1024K, reserved 1048576K
GC Heap History (10 events):
Event: 60328.654 GC heap before
{Heap before GC invocations=42 (full 0):
 PSYoungGen      total 11264K, used 10240K [0x00000000e1c00000, 0x00000000e2780000, 0x0000000100000000)
  eden space 10240K, 100% used [0x00000000e1c00000,0x00000000e2600000,0x00000000e2600000)
  from space 1024K, 0% used [0x00000000e2600000,0x00000000e2600000,0x00000000e2700000)
  to   space 512K, 0% used [0x00000000e2700000,0x00000000e2700000,0x00000000e2780000)
 ParOldGen       total 92672K, used 2658K [0x00000000a5400000, 0x00000000aae80000, 0x00000000e1c00000)
  object space 92672K, 2% used [0x00000000a5400000,0x00000000a5698a38,0x00000000aae80000)
 Metaspace       used 7879K, capacity 8028K, committed 8192K, reserved 1056768K
  class space    used 908K, capacity 957K, committed 1024K, reserved 1048576K
Event: 60328.656 GC heap after
Heap after GC invocations=42 (full 0):
 PSYoungGen      total 10752K, used 0K [0x00000000e1c00000, 0x00000000e2780000, 0x0000000100000000)
  eden space 10240K, 0% used [0x00000000e1c00000,0x00000000e1c00000,0x00000000e2600000)
  from space 512K, 0% used [0x00000000e2700000,0x00000000e2700000,0x00000000e2780000)
  to   space 512K, 0% used [0x00000000e2680000,0x00000000e2680000,0x00000000e2700000)
 ParOldGen       total 92672K, used 2658K [0x00000000a5400000, 0x00000000aae80000, 0x00000000e1c00000)
  object space 92672K, 2% used [0x00000000a5400000,0x00000000a5698a38,0x00000000aae80000)
 Metaspace       used 7879K, capacity 8028K, committed 8192K, reserved 1056768K
  class space    used 908K, capacity 957K, committed 1024K, reserved 1048576K
}
Event: 60564.646 GC heap before
{Heap before GC invocations=43 (full 0):
 PSYoungGen      total 10752K, used 10240K [0x00000000e1c00000, 0x00000000e2780000, 0x0000000100000000)
  eden space 10240K, 100% used [0x00000000e1c00000,0x00000000e2600000,0x00000000e2600000)
  from space 512K, 0% used [0x00000000e2700000,0x00000000e2700000,0x00000000e2780000)
  to   space 512K, 0% used [0x00000000e2680000,0x00000000e2680000,0x00000000e2700000)
 ParOldGen       total 92672K, used 2658K [0x00000000a5400000, 0x00000000aae80000, 0x00000000e1c00000)
  object space 92672K, 2% used [0x00000000a5400000,0x00000000a5698a38,0x00000000aae80000)
 Metaspace       used 7879K, capacity 8028K, committed 8192K, reserved 1056768K
  class space    used 908K, capacity 957K, committed 1024K, reserved 1048576K
Event: 60564.647 GC heap after
Heap after GC invocations=43 (full 0):
 PSYoungGen      total 10752K, used 0K [0x00000000e1c00000, 0x00000000e2780000, 0x0000000100000000)
  eden space 10240K, 0% used [0x00000000e1c00000,0x00000000e1c00000,0x00000000e2600000)
  from space 512K, 0% used [0x00000000e2680000,0x00000000e2680000,0x00000000e2700000)
  to   space 512K, 0% used [0x00000000e2700000,0x00000000e2700000,0x00000000e2780000)
 ParOldGen       total 92672K, used 2658K [0x00000000a5400000, 0x00000000aae80000, 0x00000000e1c00000)
  object space 92672K, 2% used [0x00000000a5400000,0x00000000a5698a38,0x00000000aae80000)
 Metaspace       used 7879K, capacity 8028K, committed 8192K, reserved 1056768K
  class space    used 908K, capacity 957K, committed 1024K, reserved 1048576K
}
Event: 60724.953 GC heap before
{Heap before GC invocations=44 (full 0):
 PSYoungGen      total 10752K, used 10240K [0x00000000e1c00000, 0x00000000e2780000, 0x0000000100000000)
  eden space 10240K, 100% used [0x00000000e1c00000,0x00000000e2600000,0x00000000e2600000)
  from space 512K, 0% used [0x00000000e2680000,0x00000000e2680000,0x00000000e2700000)
  to   space 512K, 0% used [0x00000000e2700000,0x00000000e2700000,0x00000000e2780000)
 ParOldGen       total 92672K, used 2658K [0x00000000a5400000, 0x00000000aae80000, 0x00000000e1c00000)
  object space 92672K, 2% used [0x00000000a5400000,0x00000000a5698a38,0x00000000aae80000)
 Metaspace       used 7879K, capacity 8028K, committed 8192K, reserved 1056768K
  class space    used 908K, capacity 957K, committed 1024K, reserved 1048576K
Event: 60724.954 GC heap after
Heap after GC invocations=44 (full 0):
 PSYoungGen      total 10752K, used 0K [0x00000000e1c00000, 0x00000000e2780000, 0x0000000100000000)
  eden space 10240K, 0% used [0x00000000e1c00000,0x00000000e1c00000,0x00000000e2600000)
  from space 512K, 0% used [0x00000000e2700000,0x00000000e2700000,0x00000000e2780000)
  to   space 512K, 0% used [0x00000000e2680000,0x00000000e2680000,0x00000000e2700000)
 ParOldGen       total 92672K, used 2658K [0x00000000a5400000, 0x00000000aae80000, 0x00000000e1c00000)
  object space 92672K, 2% used [0x00000000a5400000,0x00000000a5698a38,0x00000000aae80000)
 Metaspace       used 7879K, capacity 8028K, committed 8192K, reserved 1056768K
  class space    used 908K, capacity 957K, committed 1024K, reserved 1048576K
}
Event: 60964.226 GC heap before
{Heap before GC invocations=45 (full 0):
 PSYoungGen      total 10752K, used 10240K [0x00000000e1c00000, 0x00000000e2780000, 0x0000000100000000)
  eden space 10240K, 100% used [0x00000000e1c00000,0x00000000e2600000,0x00000000e2600000)
  from space 512K, 0% used [0x00000000e2700000,0x00000000e2700000,0x00000000e2780000)
  to   space 512K, 0% used [0x00000000e2680000,0x00000000e2680000,0x00000000e2700000)
 ParOldGen       total 92672K, used 2658K [0x00000000a5400000, 0x00000000aae80000, 0x00000000e1c00000)
  object space 92672K, 2% used [0x00000000a5400000,0x00000000a5698a38,0x00000000aae80000)
 Metaspace       used 7879K, capacity 8028K, committed 8192K, reserved 1056768K
  class space    used 908K, capacity 957K, committed 1024K, reserved 1048576K
Event: 60964.227 GC heap after
Heap after GC invocations=45 (full 0):
 PSYoungGen      total 10752K, used 96K [0x00000000e1c00000, 0x00000000e2780000, 0x0000000100000000)
  eden space 10240K, 0% used [0x00000000e1c00000,0x00000000e1c00000,0x00000000e2600000)
  from space 512K, 18% used [0x00000000e2680000,0x00000000e2698000,0x00000000e2700000)
  to   space 512K, 0% used [0x00000000e2700000,0x00000000e2700000,0x00000000e2780000)
 ParOldGen       total 92672K, used 2658K [0x00000000a5400000, 0x00000000aae80000, 0x00000000e1c00000)
  object space 92672K, 2% used [0x00000000a5400000,0x00000000a5698a38,0x00000000aae80000)
 Metaspace       used 7879K, capacity 8028K, committed 8192K, reserved 1056768K
  class space    used 908K, capacity 957K, committed 1024K, reserved 1048576K
}
Event: 61303.013 GC heap before
{Heap before GC invocations=46 (full 0):
 PSYoungGen      total 10752K, used 10336K [0x00000000e1c00000, 0x00000000e2780000, 0x0000000100000000)
  eden space 10240K, 100% used [0x00000000e1c00000,0x00000000e2600000,0x00000000e2600000)
  from space 512K, 18% used [0x00000000e2680000,0x00000000e2698000,0x00000000e2700000)
  to   space 512K, 0% used [0x00000000e2700000,0x00000000e2700000,0x00000000e2780000)
 ParOldGen       total 92672K, used 2658K [0x00000000a5400000, 0x00000000aae80000, 0x00000000e1c00000)
  object space 92672K, 2% used [0x00000000a5400000,0x00000000a5698a38,0x00000000aae80000)
 Metaspace       used 7879K, capacity 8028K, committed 8192K, reserved 1056768K
  class space    used 908K, capacity 957K, committed 1024K, reserved 1048576K
Event: 61303.015 GC heap after
Heap after GC invocations=46 (full 0):
 PSYoungGen      total 10752K, used 64K [0x00000000e1c00000, 0x00000000e2780000, 0x0000000100000000)
  eden space 10240K, 0% used [0x00000000e1c00000,0x00000000e1c00000,0x00000000e2600000)
  from space 512K, 12% used [0x00000000e2700000,0x00000000e2710000,0x00000000e2780000)
  to   space 512K, 0% used [0x00000000e2680000,0x00000000e2680000,0x00000000e2700000)
 ParOldGen       total 92672K, used 2658K [0x00000000a5400000, 0x00000000aae80000, 0x00000000e1c00000)
  object space 92672K, 2% used [0x00000000a5400000,0x00000000a5698a38,0x00000000aae80000)
 Metaspace       used 7879K, capacity 8028K, committed 8192K, reserved 1056768K
  class space    used 908K, capacity 957K, committed 1024K, reserved 1048576K
}

