# JRE version: Java(TM) SE Runtime Environment (8.0_05-b13) (build 1.8.0_05-b13)
# Java VM: Java HotSpot(TM) 64-Bit Server VM (25.5-b02 mixed mode linux-amd64 compressed oops)
Heap:
 PSYoungGen      total 11776K, used 7912K [0x00000000e1c00000, 0x00000000e2f00000, 0x0000000100000000)
  eden space 10240K, 77% used [0x00000000e1c00000,0x00000000e23ba3d0,0x00000000e2600000)
  from space 1536K, 0% used [0x00000000e2c00000,0x00000000e2c00000,0x00000000e2d80000)
  to   space 1536K, 0% used [0x00000000e2d80000,0x00000000e2d80000,0x00000000e2f00000)
 ParOldGen       total 92672K, used 1901K [0x00000000a5400000, 0x00000000aae80000, 0x00000000e1c00000)
  object space 92672K, 2% used [0x00000000a5400000,0x00000000a55db408,0x00000000aae80000)
 Metaspace       used 7697K, capacity 7826K, committed 7936K, reserved 1056768K
  class space    used 891K, capacity 918K, committed 1024K, reserved 1048576K
GC Heap History (10 events):
Event: 3.500 GC heap before
{Heap before GC invocations=11 (full 0):
 PSYoungGen      total 7680K, used 7443K [0x00000000e1c00000, 0x00000000e2480000, 0x0000000100000000)
  eden space 6656K, 100% used [0x00000000e1c00000,0x00000000e2280000,0x00000000e2280000)
  from space 1024K, 76% used [0x00000000e2380000,0x00000000e2444d90,0x00000000e2480000)
  to   space 1024K, 0% used [0x00000000e2280000,0x00000000e2280000,0x00000000e2380000)
 ParOldGen       total 92672K, used 1046K [0x00000000a5400000, 0x00000000aae80000, 0x00000000e1c00000)
  object space 92672K, 1% used [0x00000000a5400000,0x00000000a5505bf0,0x00000000aae80000)
 Metaspace       used 7416K, capacity 7546K, committed 7680K, reserved 1056768K
  class space    used 860K, capacity 914K, committed 1024K, reserved 1048576K
Event: 3.504 GC heap after
Heap after GC invocations=11 (full 0):
 PSYoungGen      total 7680K, used 919K [0x00000000e1c00000, 0x00000000e2880000, 0x0000000100000000)
  eden space 6656K, 0% used [0x00000000e1c00000,0x00000000e1c00000,0x00000000e2280000)
  from space 1024K, 89% used [0x00000000e2280000,0x00000000e2365fc0,0x00000000e2380000)
  to   space 1024K, 0% used [0x00000000e2780000,0x00000000e2780000,0x00000000e2880000)
 ParOldGen       total 92672K, used 1339K [0x00000000a5400000, 0x00000000aae80000, 0x00000000e1c00000)
  object space 92672K, 1% used [0x00000000a5400000,0x00000000a554ec00,0x00000000aae80000)
 Metaspace       used 7416K, capacity 7546K, committed 7680K, reserved 1056768K
  class space    used 860K, capacity 914K, committed 1024K, reserved 1048576K
}
Event: 290.598 GC heap before
{Heap before GC invocations=12 (full 0):
 PSYoungGen      total 7680K, used 7575K [0x00000000e1c00000, 0x00000000e2880000, 0x0000000100000000)
  eden space 6656K, 100% used [0x00000000e1c00000,0x00000000e2280000,0x00000000e2280000)
  from space 1024K, 89% used [0x00000000e2280000,0x00000000e2365fc0,0x00000000e2380000)
  to   space 1024K, 0% used [0x00000000e2780000,0x00000000e2780000,0x00000000e2880000)
 ParOldGen       total 92672K, used 1339K [0x00000000a5400000, 0x00000000aae80000, 0x00000000e1c00000)
  object space 92672K, 1% used [0x00000000a5400000,0x00000000a554ec00,0x00000000aae80000)
 Metaspace       used 7675K, capacity 7762K, committed 7936K, reserved 1056768K
  class space    used 890K, capacity 918K, committed 1024K, reserved 1048576K
Event: 290.600 GC heap after
Heap after GC invocations=12 (full 0):
 PSYoungGen      total 11776K, used 312K [0x00000000e1c00000, 0x00000000e2880000, 0x0000000100000000)
  eden space 10752K, 0% used [0x00000000e1c00000,0x00000000e1c00000,0x00000000e2680000)
  from space 1024K, 30% used [0x00000000e2780000,0x00000000e27ce150,0x00000000e2880000)
  to   space 1024K, 0% used [0x00000000e2680000,0x00000000e2680000,0x00000000e2780000)
 ParOldGen       total 92672K, used 1642K [0x00000000a5400000, 0x00000000aae80000, 0x00000000e1c00000)
  object space 92672K, 1% used [0x00000000a5400000,0x00000000a559aaa0,0x00000000aae80000)
 Metaspace       used 7675K, capacity 7762K, committed 7936K, reserved 1056768K
  class space    used 890K, capacity 918K, committed 1024K, reserved 1048576K
}
Event: 508.005 GC heap before
{Heap before GC invocations=13 (full 0):
 PSYoungGen      total 11776K, used 11064K [0x00000000e1c00000, 0x00000000e2880000, 0x0000000100000000)
  eden space 10752K, 100% used [0x00000000e1c00000,0x00000000e2680000,0x00000000e2680000)
  from space 1024K, 30% used [0x00000000e2780000,0x00000000e27ce150,0x00000000e2880000)
  to   space 1024K, 0% used [0x00000000e2680000,0x00000000e2680000,0x00000000e2780000)
 ParOldGen       total 92672K, used 1642K [0x00000000a5400000, 0x00000000aae80000, 0x00000000e1c00000)
  object space 92672K, 1% used [0x00000000a5400000,0x00000000a559aaa0,0x00000000aae80000)
 Metaspace       used 7678K, capacity 7762K, committed 7936K, reserved 1056768K
  class space    used 890K, capacity 918K, committed 1024K, reserved 1048576K
Event: 508.007 GC heap after
Heap after GC invocations=13 (full 0):
 PSYoungGen      total 11776K, used 0K [0x00000000e1c00000, 0x00000000e3000000, 0x0000000100000000)
  eden space 10752K, 0% used [0x00000000e1c00000,0x00000000e1c00000,0x00000000e2680000)
  from space 1024K, 0% used [0x00000000e2680000,0x00000000e2680000,0x00000000e2780000)
  to   space 1536K, 0% used [0x00000000e2e80000,0x00000000e2e80000,0x00000000e3000000)
 ParOldGen       total 92672K, used 1877K [0x00000000a5400000, 0x00000000aae80000, 0x00000000e1c00000)
  object space 92672K, 2% used [0x00000000a5400000,0x00000000a55d5408,0x00000000aae80000)
 Metaspace       used 7678K, capacity 7762K, committed 7936K, reserved 1056768K
  class space    used 890K, capacity 918K, committed 1024K, reserved 1048576K
}
Event: 858.396 GC heap before
{Heap before GC invocations=14 (full 0):
 PSYoungGen      total 11776K, used 10752K [0x00000000e1c00000, 0x00000000e3000000, 0x0000000100000000)
  eden space 10752K, 100% used [0x00000000e1c00000,0x00000000e2680000,0x00000000e2680000)
  from space 1024K, 0% used [0x00000000e2680000,0x00000000e2680000,0x00000000e2780000)
  to   space 1536K, 0% used [0x00000000e2e80000,0x00000000e2e80000,0x00000000e3000000)
 ParOldGen       total 92672K, used 1877K [0x00000000a5400000, 0x00000000aae80000, 0x00000000e1c00000)
  object space 92672K, 2% used [0x00000000a5400000,0x00000000a55d5408,0x00000000aae80000)
 Metaspace       used 7697K, capacity 7826K, committed 7936K, reserved 1056768K
  class space    used 891K, capacity 918K, committed 1024K, reserved 1048576K
Event: 858.398 GC heap after
Heap after GC invocations=14 (full 0):
 PSYoungGen      total 10752K, used 128K [0x00000000e1c00000, 0x00000000e2f00000, 0x0000000100000000)
  eden space 10240K, 0% used [0x00000000e1c00000,0x00000000e1c00000,0x00000000e2600000)
  from space 512K, 25% used [0x00000000e2e80000,0x00000000e2ea0000,0x00000000e2f00000)
  to   space 1536K, 0% used [0x00000000e2c00000,0x00000000e2c00000,0x00000000e2d80000)
 ParOldGen       total 92672K, used 1885K [0x00000000a5400000, 0x00000000aae80000, 0x00000000e1c00000)
  object space 92672K, 2% used [0x00000000a5400000,0x00000000a55d7408,0x00000000aae80000)
 Metaspace       used 7697K, capacity 7826K, committed 7936K, reserved 1056768K
  class space    used 891K, capacity 918K, committed 1024K, reserved 1048576K
}
Event: 1194.052 GC heap before
{Heap before GC invocations=15 (full 0):
 PSYoungGen      total 10752K, used 10368K [0x00000000e1c00000, 0x00000000e2f00000, 0x0000000100000000)
  eden space 10240K, 100% used [0x00000000e1c00000,0x00000000e2600000,0x00000000e2600000)
  from space 512K, 25% used [0x00000000e2e80000,0x00000000e2ea0000,0x00000000e2f00000)
  to   space 1536K, 0% used [0x00000000e2c00000,0x00000000e2c00000,0x00000000e2d80000)
 ParOldGen       total 92672K, used 1885K [0x00000000a5400000, 0x00000000aae80000, 0x00000000e1c00000)
  object space 92672K, 2% used [0x00000000a5400000,0x00000000a55d7408,0x00000000aae80000)
 Metaspace       used 7697K, capacity 7826K, committed 7936K, reserved 1056768K
  class space    used 891K, capacity 918K, committed 1024K, reserved 1048576K
Event: 1194.053 GC heap after
Heap after GC invocations=15 (full 0):
 PSYoungGen      total 11776K, used 0K [0x00000000e1c00000, 0x00000000e2f00000, 0x0000000100000000)
  eden space 10240K, 0% used [0x00000000e1c00000,0x00000000e1c00000,0x00000000e2600000)
  from space 1536K, 0% used [0x00000000e2c00000,0x00000000e2c00000,0x00000000e2d80000)
  to   space 1536K, 0% used [0x00000000e2d80000,0x00000000e2d80000,0x00000000e2f00000)
 ParOldGen       total 92672K, used 1901K [0x00000000a5400000, 0x00000000aae80000, 0x00000000e1c00000)
  object space 92672K, 2% used [0x00000000a5400000,0x00000000a55db408,0x00000000aae80000)
 Metaspace       used 7697K, capacity 7826K, committed 7936K, reserved 1056768K
  class space    used 891K, capacity 918K, committed 1024K, reserved 1048576K
}

